2026-04-27 16:26:24,325:DEBUG:certbot._internal.main:certbot version: 5.3.1
2026-04-27 16:26:24,325:DEBUG:certbot._internal.main:Location of certbot entry point: /opt/certbot/bin/certbot
2026-04-27 16:26:24,325:DEBUG:certbot._internal.main:Arguments: ['--config', '/etc/letsencrypt.ini', '--work-dir', '/tmp/letsencrypt-lib', '--logs-dir', '/data/logs', '--cert-name', 'npm-2', '--agree-tos', '--authenticator', 'webroot', '-m', 'contact.cristi@gmail.com', '--preferred-challenges', 'http', '--domains', 'admin.groadminapp.com']
2026-04-27 16:26:24,325:DEBUG:certbot._internal.main:Discovered plugins: PluginsRegistry(PluginEntryPoint#manual,PluginEntryPoint#null,PluginEntryPoint#standalone,PluginEntryPoint#webroot)
2026-04-27 16:26:24,334:DEBUG:certbot._internal.log:Root logging level set at 30
2026-04-27 16:26:24,335:DEBUG:certbot._internal.plugins.selection:Requested authenticator webroot and installer None
2026-04-27 16:26:24,335:DEBUG:certbot._internal.plugins.selection:Single candidate plugin: * webroot
Description: Saves the necessary validation files to a .well-known/acme-challenge/ directory within the nominated webroot path. A separate HTTP server must be running and serving files from the webroot path. HTTP challenge only (wildcards not supported).
Interfaces: Authenticator, Plugin
Entry point: EntryPoint(name='webroot', value='certbot._internal.plugins.webroot:Authenticator', group='certbot.plugins')
Initialized: <certbot._internal.plugins.webroot.Authenticator object at 0x7ebfe295d850>
Prep: True
2026-04-27 16:26:24,335:DEBUG:certbot._internal.plugins.selection:Selected authenticator <certbot._internal.plugins.webroot.Authenticator object at 0x7ebfe295d850> and installer None
2026-04-27 16:26:24,335:INFO:certbot._internal.plugins.selection:Plugins selected: Authenticator webroot, Installer None
2026-04-27 16:26:24,375:DEBUG:certbot._internal.main:Picked account: <Account(RegistrationResource(body=Registration(key=None, contact=(), agreement=None, status=None, terms_of_service_agreed=None, only_return_existing=None, external_account_binding=None), uri='https://acme-v02.api.letsencrypt.org/acme/acct/3280754391', new_authzr_uri=None, terms_of_service=None), 1dc6836de739eca8f4caae7d688c4cf7, Meta(creation_dt=datetime.datetime(2026, 4, 27, 15, 38, 54, tzinfo=datetime.timezone.utc), creation_host='6b21124809db', register_to_eff=None))>
2026-04-27 16:26:24,376:DEBUG:acme.client:Sending GET request to https://acme-v02.api.letsencrypt.org/directory.
2026-04-27 16:26:24,377:DEBUG:urllib3.connectionpool:Starting new HTTPS connection (1): acme-v02.api.letsencrypt.org:443
2026-04-27 16:26:24,733:DEBUG:urllib3.connectionpool:https://acme-v02.api.letsencrypt.org:443 "GET /directory HTTP/1.1" 200 1033
2026-04-27 16:26:24,734:DEBUG:acme.client:Received response:
HTTP 200
Server: nginx
Date: Mon, 27 Apr 2026 16:26:24 GMT
Content-Type: application/json
Content-Length: 1033
Connection: keep-alive
Cache-Control: public, max-age=0, no-cache
X-Frame-Options: DENY
Strict-Transport-Security: max-age=604800

{
  "keyChange": "https://acme-v02.api.letsencrypt.org/acme/key-change",
  "meta": {
    "caaIdentities": [
      "letsencrypt.org"
    ],
    "profiles": {
      "classic": "https://letsencrypt.org/docs/profiles#classic",
      "shortlived": "https://letsencrypt.org/docs/profiles#shortlived",
      "tlsclient": "https://letsencrypt.org/docs/profiles#tlsclient",
      "tlsserver": "https://letsencrypt.org/docs/profiles#tlsserver"
    },
    "termsOfService": "https://letsencrypt.org/documents/LE-SA-v1.6-August-18-2025.pdf",
    "website": "https://letsencrypt.org"
  },
  "newAccount": "https://acme-v02.api.letsencrypt.org/acme/new-acct",
  "newNonce": "https://acme-v02.api.letsencrypt.org/acme/new-nonce",
  "newOrder": "https://acme-v02.api.letsencrypt.org/acme/new-order",
  "renewalInfo": "https://acme-v02.api.letsencrypt.org/acme/renewal-info",
  "revokeCert": "https://acme-v02.api.letsencrypt.org/acme/revoke-cert",
  "upt3dD3rqAc": "https://community.letsencrypt.org/t/adding-random-entries-to-the-directory/33417"
}
2026-04-27 16:26:24,734:DEBUG:certbot._internal.display.obj:Notifying user: Requesting a certificate for admin.groadminapp.com
2026-04-27 16:26:24,737:DEBUG:acme.client:Requesting fresh nonce
2026-04-27 16:26:24,737:DEBUG:acme.client:Sending HEAD request to https://acme-v02.api.letsencrypt.org/acme/new-nonce.
2026-04-27 16:26:24,852:DEBUG:urllib3.connectionpool:https://acme-v02.api.letsencrypt.org:443 "HEAD /acme/new-nonce HTTP/1.1" 200 0
2026-04-27 16:26:24,853:DEBUG:acme.client:Received response:
HTTP 200
Server: nginx
Date: Mon, 27 Apr 2026 16:26:24 GMT
Connection: keep-alive
Cache-Control: public, max-age=0, no-cache
Link: <https://acme-v02.api.letsencrypt.org/directory>;rel="index"
Replay-Nonce: MzOrV0tw856qNcJa0L6bGUNY8QU7IK3W83bkCapEONfhWcNLzmw
X-Frame-Options: DENY
Strict-Transport-Security: max-age=604800


2026-04-27 16:26:24,853:DEBUG:acme.client:Storing nonce: MzOrV0tw856qNcJa0L6bGUNY8QU7IK3W83bkCapEONfhWcNLzmw
2026-04-27 16:26:24,853:DEBUG:acme.client:JWS payload:
b'{\n  "identifiers": [\n    {\n      "type": "dns",\n      "value": "admin.groadminapp.com"\n    }\n  ]\n}'
2026-04-27 16:26:24,855:DEBUG:acme.client:Sending POST request to https://acme-v02.api.letsencrypt.org/acme/new-order:
{
  "protected": "eyJhbGciOiAiUlMyNTYiLCAia2lkIjogImh0dHBzOi8vYWNtZS12MDIuYXBpLmxldHNlbmNyeXB0Lm9yZy9hY21lL2FjY3QvMzI4MDc1NDM5MSIsICJub25jZSI6ICJNek9yVjB0dzg1NnFOY0phMEw2YkdVTlk4UVU3SUszVzgzYmtDYXBFT05maFdjTkx6bXciLCAidXJsIjogImh0dHBzOi8vYWNtZS12MDIuYXBpLmxldHNlbmNyeXB0Lm9yZy9hY21lL25ldy1vcmRlciJ9",
  "signature": "HIoI8-kySGABORtaBLLzG-iSZPqMjD3Tp0d2kj76q9HZFVGuySbaRuf2zzhJnAygjFrDYagC6LO3JQtRfiJG9rpSA-aqtHdW2ST6VMI4vCHKlRxkr-5ZoWGxtxzQoraRv_HW049YtDfL1-nVpmDlHce2T1-XljebdlDjEFV5dfTaNgr6LA5W-kp_7AQXxXF0-POdYCjlekvkF6-1qHXcpT8cXHRlL064y4xelK68fPzJlQxc9gf_65TbN-QnlY8ZbnInvQEfOlII5wXqNrIX7_nHMnyZFB7t8gCtYwvqDHo3KwBP5H1Kli20oJAanUQ9Jpeo2qR_zTmBzYe_mYw11Q",
  "payload": "ewogICJpZGVudGlmaWVycyI6IFsKICAgIHsKICAgICAgInR5cGUiOiAiZG5zIiwKICAgICAgInZhbHVlIjogImFkbWluLmdyb2FkbWluYXBwLmNvbSIKICAgIH0KICBdCn0"
}
2026-04-27 16:26:25,149:DEBUG:urllib3.connectionpool:https://acme-v02.api.letsencrypt.org:443 "POST /acme/new-order HTTP/1.1" 201 355
2026-04-27 16:26:25,149:DEBUG:acme.client:Received response:
HTTP 201
Server: nginx
Date: Mon, 27 Apr 2026 16:26:25 GMT
Content-Type: application/json
Content-Length: 355
Connection: keep-alive
Boulder-Requester: 3280754391
Cache-Control: public, max-age=0, no-cache
Link: <https://acme-v02.api.letsencrypt.org/directory>;rel="index"
Location: https://acme-v02.api.letsencrypt.org/acme/order/3280754391/504915490131
Replay-Nonce: vAfF_GdtoyBE15_Jd3XCCG8k2XcpjZGfVIIBj83z7awL3S7k5i4
X-Frame-Options: DENY
Strict-Transport-Security: max-age=604800

{
  "status": "pending",
  "expires": "2026-05-04T16:26:25Z",
  "identifiers": [
    {
      "type": "dns",
      "value": "admin.groadminapp.com"
    }
  ],
  "authorizations": [
    "https://acme-v02.api.letsencrypt.org/acme/authz/3280754391/694750038781"
  ],
  "finalize": "https://acme-v02.api.letsencrypt.org/acme/finalize/3280754391/504915490131"
}
2026-04-27 16:26:25,149:DEBUG:acme.client:Storing nonce: vAfF_GdtoyBE15_Jd3XCCG8k2XcpjZGfVIIBj83z7awL3S7k5i4
2026-04-27 16:26:25,150:DEBUG:acme.client:JWS payload:
b''
2026-04-27 16:26:25,150:DEBUG:acme.client:Sending POST request to https://acme-v02.api.letsencrypt.org/acme/authz/3280754391/694750038781:
{
  "protected": "eyJhbGciOiAiUlMyNTYiLCAia2lkIjogImh0dHBzOi8vYWNtZS12MDIuYXBpLmxldHNlbmNyeXB0Lm9yZy9hY21lL2FjY3QvMzI4MDc1NDM5MSIsICJub25jZSI6ICJ2QWZGX0dkdG95QkUxNV9KZDNYQ0NHOGsyWGNwalpHZlZJSUJqODN6N2F3TDNTN2s1aTQiLCAidXJsIjogImh0dHBzOi8vYWNtZS12MDIuYXBpLmxldHNlbmNyeXB0Lm9yZy9hY21lL2F1dGh6LzMyODA3NTQzOTEvNjk0NzUwMDM4NzgxIn0",
  "signature": "NJY4PLKxhUOXGfWInb-LANCN9G3fOe43nOdoyLIAcZhmsNw2HNcjID-WoG34HK0KBbec_x-aYah0d1s5miabKFeyK8V5oJxyraoM16pB6l0yp8rNdqz_D04INAUF90Omn5BQK1lxozbL1gnrKzXWol5DTpOTXV1Y7d8Ti1iAvokPH81JkRypr0Ojn1-gs38667HScoklSTGOShuQvD2rEqxSezNFPGIr4a0Cn9cAHfbqX7w57yoUjn2HEx2FTNCOKR6H5biIxncJfS0SrvbvcsS1ys6aEX7UGFstcRylppn5zGUTp9Xq4faFq86yuuezgBZNKEfsZk0dRil_qnXMfw",
  "payload": ""
}
2026-04-27 16:26:25,273:DEBUG:urllib3.connectionpool:https://acme-v02.api.letsencrypt.org:443 "POST /acme/authz/3280754391/694750038781 HTTP/1.1" 200 829
2026-04-27 16:26:25,273:DEBUG:acme.client:Received response:
HTTP 200
Server: nginx
Date: Mon, 27 Apr 2026 16:26:25 GMT
Content-Type: application/json
Content-Length: 829
Connection: keep-alive
Boulder-Requester: 3280754391
Cache-Control: public, max-age=0, no-cache
Link: <https://acme-v02.api.letsencrypt.org/directory>;rel="index"
Replay-Nonce: vAfF_GdtBYvy4JW2is52gTqxVkwIsgsdn1IeT0b2Ck5plJXRJM8
X-Frame-Options: DENY
Strict-Transport-Security: max-age=604800

{
  "identifier": {
    "type": "dns",
    "value": "admin.groadminapp.com"
  },
  "status": "pending",
  "expires": "2026-05-04T16:26:25Z",
  "challenges": [
    {
      "type": "http-01",
      "url": "https://acme-v02.api.letsencrypt.org/acme/chall/3280754391/694750038781/dfKQ0A",
      "status": "pending",
      "token": "aI7Eoegzgirb2QKDtDBZKtME9RGo8rWyQwDA_hROOMU"
    },
    {
      "type": "tls-alpn-01",
      "url": "https://acme-v02.api.letsencrypt.org/acme/chall/3280754391/694750038781/licIww",
      "status": "pending",
      "token": "aI7Eoegzgirb2QKDtDBZKtME9RGo8rWyQwDA_hROOMU"
    },
    {
      "type": "dns-01",
      "url": "https://acme-v02.api.letsencrypt.org/acme/chall/3280754391/694750038781/yTnWOQ",
      "status": "pending",
      "token": "aI7Eoegzgirb2QKDtDBZKtME9RGo8rWyQwDA_hROOMU"
    }
  ]
}
2026-04-27 16:26:25,273:DEBUG:acme.client:Storing nonce: vAfF_GdtBYvy4JW2is52gTqxVkwIsgsdn1IeT0b2Ck5plJXRJM8
2026-04-27 16:26:25,273:DEBUG:acme.challenges:tls-alpn-01 was not recognized, full message: {'type': 'tls-alpn-01', 'url': 'https://acme-v02.api.letsencrypt.org/acme/chall/3280754391/694750038781/licIww', 'status': 'pending', 'token': 'aI7Eoegzgirb2QKDtDBZKtME9RGo8rWyQwDA_hROOMU'}
2026-04-27 16:26:25,274:INFO:certbot._internal.auth_handler:Performing the following challenges:
2026-04-27 16:26:25,274:INFO:certbot._internal.auth_handler:http-01 challenge for Identifier(typ=IdentifierType(dns), value='admin.groadminapp.com')
2026-04-27 16:26:25,274:INFO:certbot._internal.plugins.webroot:Using the webroot path /data/letsencrypt-acme-challenge for all unmatched domains.
2026-04-27 16:26:25,274:DEBUG:certbot._internal.plugins.webroot:Creating root challenges validation dir at /data/letsencrypt-acme-challenge/.well-known/acme-challenge
2026-04-27 16:26:25,275:DEBUG:certbot._internal.plugins.webroot:Attempting to save validation to /data/letsencrypt-acme-challenge/.well-known/acme-challenge/aI7Eoegzgirb2QKDtDBZKtME9RGo8rWyQwDA_hROOMU
2026-04-27 16:26:25,275:DEBUG:acme.client:JWS payload:
b'{}'
2026-04-27 16:26:25,276:DEBUG:acme.client:Sending POST request to https://acme-v02.api.letsencrypt.org/acme/chall/3280754391/694750038781/dfKQ0A:
{
  "protected": "eyJhbGciOiAiUlMyNTYiLCAia2lkIjogImh0dHBzOi8vYWNtZS12MDIuYXBpLmxldHNlbmNyeXB0Lm9yZy9hY21lL2FjY3QvMzI4MDc1NDM5MSIsICJub25jZSI6ICJ2QWZGX0dkdEJZdnk0SlcyaXM1MmdUcXhWa3dJc2dzZG4xSWVUMGIyQ2s1cGxKWFJKTTgiLCAidXJsIjogImh0dHBzOi8vYWNtZS12MDIuYXBpLmxldHNlbmNyeXB0Lm9yZy9hY21lL2NoYWxsLzMyODA3NTQzOTEvNjk0NzUwMDM4NzgxL2RmS1EwQSJ9",
  "signature": "XmljfXrb7DldqdY9EuOwQRfCyuoewLvMw2FnClP9StbbIUeYGkKtnHyHo7y4DLYChXEaC7Jf5Yi4SzeUUaDaxJ0wPNnQHdKD6Slrs6hSWe8mrUyb_UNG6yxysD3UA4ItpADIUhwEItm98ZWKueLIYGLb9gfthWnro7d_RJJ9jdqjM3k1uACctOconOA6Kq9VHQFYKr6VNlcRittP4m2Xr9PnVZYd3tzaD-o7DUNqD3o8RW4vezQPFK_sdekLct0cEEMzRmnnRTHfIhWsgVYuYUNIvdVBbKFavwqUxhOp0fXz_iwhNxRvnAOZ9DpPHMTBOob0cUIfxsAAL6uL5RifDg",
  "payload": "e30"
}
2026-04-27 16:26:25,397:DEBUG:urllib3.connectionpool:https://acme-v02.api.letsencrypt.org:443 "POST /acme/chall/3280754391/694750038781/dfKQ0A HTTP/1.1" 200 195
2026-04-27 16:26:25,398:DEBUG:acme.client:Received response:
HTTP 200
Server: nginx
Date: Mon, 27 Apr 2026 16:26:25 GMT
Content-Type: application/json
Content-Length: 195
Connection: keep-alive
Boulder-Requester: 3280754391
Cache-Control: public, max-age=0, no-cache
Link: <https://acme-v02.api.letsencrypt.org/directory>;rel="index", <https://acme-v02.api.letsencrypt.org/acme/authz/3280754391/694750038781>;rel="up"
Location: https://acme-v02.api.letsencrypt.org/acme/chall/3280754391/694750038781/dfKQ0A
Replay-Nonce: vAfF_GdtR0WJpCuD1jSACP_Oxqms0FhF-ZE2yWNzeiuM5g8NZ_0
X-Frame-Options: DENY
Strict-Transport-Security: max-age=604800

{
  "type": "http-01",
  "url": "https://acme-v02.api.letsencrypt.org/acme/chall/3280754391/694750038781/dfKQ0A",
  "status": "pending",
  "token": "aI7Eoegzgirb2QKDtDBZKtME9RGo8rWyQwDA_hROOMU"
}
2026-04-27 16:26:25,398:DEBUG:acme.client:Storing nonce: vAfF_GdtR0WJpCuD1jSACP_Oxqms0FhF-ZE2yWNzeiuM5g8NZ_0
2026-04-27 16:26:25,398:INFO:certbot._internal.auth_handler:Waiting for verification...
2026-04-27 16:26:26,398:DEBUG:acme.client:JWS payload:
b''
2026-04-27 16:26:26,400:DEBUG:acme.client:Sending POST request to https://acme-v02.api.letsencrypt.org/acme/authz/3280754391/694750038781:
{
  "protected": "eyJhbGciOiAiUlMyNTYiLCAia2lkIjogImh0dHBzOi8vYWNtZS12MDIuYXBpLmxldHNlbmNyeXB0Lm9yZy9hY21lL2FjY3QvMzI4MDc1NDM5MSIsICJub25jZSI6ICJ2QWZGX0dkdFIwV0pwQ3VEMWpTQUNQX094cW1zMEZoRi1aRTJ5V056ZWl1TTVnOE5aXzAiLCAidXJsIjogImh0dHBzOi8vYWNtZS12MDIuYXBpLmxldHNlbmNyeXB0Lm9yZy9hY21lL2F1dGh6LzMyODA3NTQzOTEvNjk0NzUwMDM4NzgxIn0",
  "signature": "G-jxmIa_2FXgBbMGFkJ05uOQmRQ5OEem43CYsWENTSF2JHpRPWrixMPwsb8cihB2YacDfTAKqhiBG-I2Fkz9xIWiTN5FDUeOkRkyCJI1hrdQCw-8fUb6Wdrx0OvoQRBNo5JPym9QP-LT1ut07rzWBVnGegtMl1WDPuu35H0CgyapqWsdD1D-r_Q9AlI1u0pVHRmy03tWCYLT28jk086_cQZeGrrLxgFuU_-Bw_DOM7vw1qp7Wx_gx0q0bOEay_XN_vNMDoSEjlT5kpOcIQnTNyTMLY0La5klO3jHX7HwMUd7zVyOlJ_zffvhvbRa50IpKxAx4e5MSK6B226a81t6vQ",
  "payload": ""
}
2026-04-27 16:26:26,518:DEBUG:urllib3.connectionpool:https://acme-v02.api.letsencrypt.org:443 "POST /acme/authz/3280754391/694750038781 HTTP/1.1" 200 829
2026-04-27 16:26:26,519:DEBUG:acme.client:Received response:
HTTP 200
Server: nginx
Date: Mon, 27 Apr 2026 16:26:26 GMT
Content-Type: application/json
Content-Length: 829
Connection: keep-alive
Boulder-Requester: 3280754391
Cache-Control: public, max-age=0, no-cache
Link: <https://acme-v02.api.letsencrypt.org/directory>;rel="index"
Replay-Nonce: MzOrV0twBvZGSGo4qybrDo0V8aVIIv0vzdCsQ0Tdyl56a6psAO4
X-Frame-Options: DENY
Strict-Transport-Security: max-age=604800

{
  "identifier": {
    "type": "dns",
    "value": "admin.groadminapp.com"
  },
  "status": "pending",
  "expires": "2026-05-04T16:26:25Z",
  "challenges": [
    {
      "type": "http-01",
      "url": "https://acme-v02.api.letsencrypt.org/acme/chall/3280754391/694750038781/dfKQ0A",
      "status": "pending",
      "token": "aI7Eoegzgirb2QKDtDBZKtME9RGo8rWyQwDA_hROOMU"
    },
    {
      "type": "tls-alpn-01",
      "url": "https://acme-v02.api.letsencrypt.org/acme/chall/3280754391/694750038781/licIww",
      "status": "pending",
      "token": "aI7Eoegzgirb2QKDtDBZKtME9RGo8rWyQwDA_hROOMU"
    },
    {
      "type": "dns-01",
      "url": "https://acme-v02.api.letsencrypt.org/acme/chall/3280754391/694750038781/yTnWOQ",
      "status": "pending",
      "token": "aI7Eoegzgirb2QKDtDBZKtME9RGo8rWyQwDA_hROOMU"
    }
  ]
}
2026-04-27 16:26:26,519:DEBUG:acme.client:Storing nonce: MzOrV0twBvZGSGo4qybrDo0V8aVIIv0vzdCsQ0Tdyl56a6psAO4
2026-04-27 16:26:26,519:DEBUG:acme.challenges:tls-alpn-01 was not recognized, full message: {'type': 'tls-alpn-01', 'url': 'https://acme-v02.api.letsencrypt.org/acme/chall/3280754391/694750038781/licIww', 'status': 'pending', 'token': 'aI7Eoegzgirb2QKDtDBZKtME9RGo8rWyQwDA_hROOMU'}
2026-04-27 16:26:29,519:DEBUG:acme.client:JWS payload:
b''
2026-04-27 16:26:29,520:DEBUG:acme.client:Sending POST request to https://acme-v02.api.letsencrypt.org/acme/authz/3280754391/694750038781:
{
  "protected": "eyJhbGciOiAiUlMyNTYiLCAia2lkIjogImh0dHBzOi8vYWNtZS12MDIuYXBpLmxldHNlbmNyeXB0Lm9yZy9hY21lL2FjY3QvMzI4MDc1NDM5MSIsICJub25jZSI6ICJNek9yVjB0d0J2WkdTR280cXlickRvMFY4YVZJSXYwdnpkQ3NRMFRkeWw1NmE2cHNBTzQiLCAidXJsIjogImh0dHBzOi8vYWNtZS12MDIuYXBpLmxldHNlbmNyeXB0Lm9yZy9hY21lL2F1dGh6LzMyODA3NTQzOTEvNjk0NzUwMDM4NzgxIn0",
  "signature": "hrJlcEHAU6CvWiWRy7S3i9KfDNRZMTOF8kyJY43w0VEIs1WhhuYwkga0Sy-4jS1yKi32HU5TiKi0-21INcs_twJ2XvqaiJxt2b-Rv3jPaAqVw1m5SMcsHx-4zbQ7f_iox96CRACoNxm_AG-ZMOx0Z3hYKbCYI8J0TguLCOvGUFq3UPaCoFXFDPbVud38NQRwK8uvkGkeao_5hKbc94ZNkmvkIn5b4CIpZo3maz76IPXPgOT2qW0wKINBMM6VBIadKSP6ahztVvK_7VEYfSinMl8H3BOGt1cctCDys6jIZTNjgrx-jYmC11WV20vqIpfeoVLLwocxJrK_AifewVm0LA",
  "payload": ""
}
2026-04-27 16:26:29,647:DEBUG:urllib3.connectionpool:https://acme-v02.api.letsencrypt.org:443 "POST /acme/authz/3280754391/694750038781 HTTP/1.1" 200 786
2026-04-27 16:26:29,648:DEBUG:acme.client:Received response:
HTTP 200
Server: nginx
Date: Mon, 27 Apr 2026 16:26:29 GMT
Content-Type: application/json
Content-Length: 786
Connection: keep-alive
Boulder-Requester: 3280754391
Cache-Control: public, max-age=0, no-cache
Link: <https://acme-v02.api.letsencrypt.org/directory>;rel="index"
Replay-Nonce: vAfF_GdtQJWd7jmCDecHCSo_EfS7L5MFsjkHAooyUk0-Wg15RYg
X-Frame-Options: DENY
Strict-Transport-Security: max-age=604800

{
  "identifier": {
    "type": "dns",
    "value": "admin.groadminapp.com"
  },
  "status": "valid",
  "expires": "2026-05-27T16:26:26Z",
  "challenges": [
    {
      "type": "http-01",
      "url": "https://acme-v02.api.letsencrypt.org/acme/chall/3280754391/694750038781/dfKQ0A",
      "status": "valid",
      "validated": "2026-04-27T16:26:25Z",
      "token": "aI7Eoegzgirb2QKDtDBZKtME9RGo8rWyQwDA_hROOMU",
      "validationRecord": [
        {
          "url": "http://admin.groadminapp.com/.well-known/acme-challenge/aI7Eoegzgirb2QKDtDBZKtME9RGo8rWyQwDA_hROOMU",
          "hostname": "admin.groadminapp.com",
          "port": "80",
          "addressesResolved": [
            "153.92.211.75"
          ],
          "addressUsed": "153.92.211.75"
        }
      ]
    }
  ]
}
2026-04-27 16:26:29,648:DEBUG:acme.client:Storing nonce: vAfF_GdtQJWd7jmCDecHCSo_EfS7L5MFsjkHAooyUk0-Wg15RYg
2026-04-27 16:26:29,648:DEBUG:certbot._internal.error_handler:Calling registered functions
2026-04-27 16:26:29,648:INFO:certbot._internal.auth_handler:Cleaning up challenges
2026-04-27 16:26:29,648:DEBUG:certbot._internal.plugins.webroot:Removing /data/letsencrypt-acme-challenge/.well-known/acme-challenge/aI7Eoegzgirb2QKDtDBZKtME9RGo8rWyQwDA_hROOMU
2026-04-27 16:26:29,648:DEBUG:certbot._internal.plugins.webroot:All challenges cleaned up
2026-04-27 16:26:29,649:DEBUG:certbot._internal.client:CSR: CSR(file=None, data=b'-----BEGIN CERTIFICATE REQUEST-----\nMIIBLDCBsgIBADAAMHYwEAYHKoZIzj0CAQYFK4EEACIDYgAEkMqBq9rT2xCnC2Nl\nHfDKfqqaxF+eMpJRR95zSOvHMb9MspIBMVexUKHHect6HzvMvvSXUZ2cRu3pmsVp\neznnzVY9DajNXv251dRNHbDd1d0KSM5W3fDojK0yk/h9Iss5oDMwMQYJKoZIhvcN\nAQkOMSQwIjAgBgNVHREEGTAXghVhZG1pbi5ncm9hZG1pbmFwcC5jb20wCgYIKoZI\nzj0EAwIDaQAwZgIxAL6cstc4L0sZzZETsAeuaRr/Tdf8kQHAWH6vQpf6jM1bb8KS\nZMeyLjxgmQUkslx8awIxAKRLg5hnd0IvwWylkiuNJRTkQuljd3iTzMg/LVfgO2zA\nsusWTWyNEUD3OlvpnKa0uA==\n-----END CERTIFICATE REQUEST-----\n', form='pem')
2026-04-27 16:26:29,649:DEBUG:certbot._internal.client:Will poll for certificate issuance until 2026-04-27 16:27:59.649342
2026-04-27 16:26:29,649:DEBUG:acme.client:JWS payload:
b'{\n  "csr": "MIIBLDCBsgIBADAAMHYwEAYHKoZIzj0CAQYFK4EEACIDYgAEkMqBq9rT2xCnC2NlHfDKfqqaxF-eMpJRR95zSOvHMb9MspIBMVexUKHHect6HzvMvvSXUZ2cRu3pmsVpeznnzVY9DajNXv251dRNHbDd1d0KSM5W3fDojK0yk_h9Iss5oDMwMQYJKoZIhvcNAQkOMSQwIjAgBgNVHREEGTAXghVhZG1pbi5ncm9hZG1pbmFwcC5jb20wCgYIKoZIzj0EAwIDaQAwZgIxAL6cstc4L0sZzZETsAeuaRr_Tdf8kQHAWH6vQpf6jM1bb8KSZMeyLjxgmQUkslx8awIxAKRLg5hnd0IvwWylkiuNJRTkQuljd3iTzMg_LVfgO2zAsusWTWyNEUD3OlvpnKa0uA"\n}'
2026-04-27 16:26:29,650:DEBUG:acme.client:Sending POST request to https://acme-v02.api.letsencrypt.org/acme/finalize/3280754391/504915490131:
{
  "protected": "eyJhbGciOiAiUlMyNTYiLCAia2lkIjogImh0dHBzOi8vYWNtZS12MDIuYXBpLmxldHNlbmNyeXB0Lm9yZy9hY21lL2FjY3QvMzI4MDc1NDM5MSIsICJub25jZSI6ICJ2QWZGX0dkdFFKV2Q3am1DRGVjSENTb19FZlM3TDVNRnNqa0hBb295VWswLVdnMTVSWWciLCAidXJsIjogImh0dHBzOi8vYWNtZS12MDIuYXBpLmxldHNlbmNyeXB0Lm9yZy9hY21lL2ZpbmFsaXplLzMyODA3NTQzOTEvNTA0OTE1NDkwMTMxIn0",
  "signature": "dqdVFfXvuAbeWeJJtGx8PTUam46Sk3He4rFPXZBvGKn-Jz5i9fEIjiTrNfMgOb8ykUIy_QbUPbWVjCMjcJ9Y81GUkJoPmqGHztvfwrcBeaB3-EQVavj6OvVVXZbBxV2hI-twaivi3Sxa4jfv7gpXN1651vX4h2lrr2d7tOj3fVthF0Qry9LgNunbOToLUoNRmLCxnrcRw1oJwb-J8adI8ITM3j9TJhCWNnW-Gq56zKojgd6DF1Y8zhvP1jUyqUSvtxBoltxYQegHLaGWv1D_sLEv0RVZ9EjE66IEBDSH4IpAmIls71IOD1dS19r3D-pLaIsbRMXD4Mb97qS-qh4PxQ",
  "payload": "ewogICJjc3IiOiAiTUlJQkxEQ0JzZ0lCQURBQU1IWXdFQVlIS29aSXpqMENBUVlGSzRFRUFDSURZZ0FFa01xQnE5clQyeENuQzJObEhmREtmcXFheEYtZU1wSlJSOTV6U092SE1iOU1zcElCTVZleFVLSEhlY3Q2SHp2TXZ2U1hVWjJjUnUzcG1zVnBlem5uelZZOURhak5YdjI1MWRSTkhiRGQxZDBLU001VzNmRG9qSzB5a19oOUlzczVvRE13TVFZSktvWklodmNOQVFrT01TUXdJakFnQmdOVkhSRUVHVEFYZ2hWaFpHMXBiaTVuY205aFpHMXBibUZ3Y0M1amIyMHdDZ1lJS29aSXpqMEVBd0lEYVFBd1pnSXhBTDZjc3RjNEwwc1p6WkVUc0FldWFScl9UZGY4a1FIQVdINnZRcGY2ak0xYmI4S1NaTWV5TGp4Z21RVWtzbHg4YXdJeEFLUkxnNWhuZDBJdndXeWxraXVOSlJUa1F1bGpkM2lUek1nX0xWZmdPMnpBc3VzV1RXeU5FVUQzT2x2cG5LYTB1QSIKfQ"
}
2026-04-27 16:26:30,098:DEBUG:urllib3.connectionpool:https://acme-v02.api.letsencrypt.org:443 "POST /acme/finalize/3280754391/504915490131 HTTP/1.1" 200 457
2026-04-27 16:26:30,099:DEBUG:acme.client:Received response:
HTTP 200
Server: nginx
Date: Mon, 27 Apr 2026 16:26:30 GMT
Content-Type: application/json
Content-Length: 457
Connection: keep-alive
Boulder-Requester: 3280754391
Cache-Control: public, max-age=0, no-cache
Link: <https://acme-v02.api.letsencrypt.org/directory>;rel="index"
Location: https://acme-v02.api.letsencrypt.org/acme/order/3280754391/504915490131
Replay-Nonce: vAfF_GdtERY7tnfhD8Puua9A8vBmCnJHT6enwyv-l5PVxI60Flo
X-Frame-Options: DENY
Strict-Transport-Security: max-age=604800

{
  "status": "valid",
  "expires": "2026-05-04T16:26:25Z",
  "identifiers": [
    {
      "type": "dns",
      "value": "admin.groadminapp.com"
    }
  ],
  "authorizations": [
    "https://acme-v02.api.letsencrypt.org/acme/authz/3280754391/694750038781"
  ],
  "finalize": "https://acme-v02.api.letsencrypt.org/acme/finalize/3280754391/504915490131",
  "certificate": "https://acme-v02.api.letsencrypt.org/acme/cert/067406b0b2c5cf7c56b2d9af1e11e0c505c4"
}
2026-04-27 16:26:30,099:DEBUG:acme.client:Storing nonce: vAfF_GdtERY7tnfhD8Puua9A8vBmCnJHT6enwyv-l5PVxI60Flo
2026-04-27 16:26:31,099:DEBUG:acme.client:JWS payload:
b''
2026-04-27 16:26:31,100:DEBUG:acme.client:Sending POST request to https://acme-v02.api.letsencrypt.org/acme/order/3280754391/504915490131:
{
  "protected": "eyJhbGciOiAiUlMyNTYiLCAia2lkIjogImh0dHBzOi8vYWNtZS12MDIuYXBpLmxldHNlbmNyeXB0Lm9yZy9hY21lL2FjY3QvMzI4MDc1NDM5MSIsICJub25jZSI6ICJ2QWZGX0dkdEVSWTd0bmZoRDhQdXVhOUE4dkJtQ25KSFQ2ZW53eXYtbDVQVnhJNjBGbG8iLCAidXJsIjogImh0dHBzOi8vYWNtZS12MDIuYXBpLmxldHNlbmNyeXB0Lm9yZy9hY21lL29yZGVyLzMyODA3NTQzOTEvNTA0OTE1NDkwMTMxIn0",
  "signature": "e7U6QuBFiospPICkQj24nC7pwBBeCPJmnQgxlPLUkTOzFYybJ0ScoDPIpsQxa0FkjxHuCu7y-XXrrB3n55lviUfqgnYBgWGeXz1temkCKXT6w7sOMu9WtAqqQsPXNsfAiDkPLOnOtenXqI-yufFRLT8NqnXPMRdoyxkUnUZr_1SUHTZhx-d26MmB5ncSK6S9hiCNM4fuB23vrFx8raIWYjTsix65VhdvD5o3eeqEtYGFOQMsxbULsaJu3Yms8tYKKLBAB43xJNBIAhXh-BbyDajDGY21MhuLptN9wMOe07QYR3oT3b4QrrD77xvfr-dV2UTQWbYrkY48EctLpASdVQ",
  "payload": ""
}
2026-04-27 16:26:31,220:DEBUG:urllib3.connectionpool:https://acme-v02.api.letsencrypt.org:443 "POST /acme/order/3280754391/504915490131 HTTP/1.1" 200 457
2026-04-27 16:26:31,221:DEBUG:acme.client:Received response:
HTTP 200
Server: nginx
Date: Mon, 27 Apr 2026 16:26:31 GMT
Content-Type: application/json
Content-Length: 457
Connection: keep-alive
Cache-Control: public, max-age=0, no-cache
Link: <https://acme-v02.api.letsencrypt.org/directory>;rel="index"
Location: https://acme-v02.api.letsencrypt.org/acme/order/3280754391/504915490131
Replay-Nonce: vAfF_GdtijoJA614UPyfGQXY9wJc5NUnX7zWPmo2AtX6hoJJp8w
X-Frame-Options: DENY
Strict-Transport-Security: max-age=604800

{
  "status": "valid",
  "expires": "2026-05-04T16:26:25Z",
  "identifiers": [
    {
      "type": "dns",
      "value": "admin.groadminapp.com"
    }
  ],
  "authorizations": [
    "https://acme-v02.api.letsencrypt.org/acme/authz/3280754391/694750038781"
  ],
  "finalize": "https://acme-v02.api.letsencrypt.org/acme/finalize/3280754391/504915490131",
  "certificate": "https://acme-v02.api.letsencrypt.org/acme/cert/067406b0b2c5cf7c56b2d9af1e11e0c505c4"
}
2026-04-27 16:26:31,221:DEBUG:acme.client:Storing nonce: vAfF_GdtijoJA614UPyfGQXY9wJc5NUnX7zWPmo2AtX6hoJJp8w
2026-04-27 16:26:31,221:DEBUG:acme.client:JWS payload:
b''
2026-04-27 16:26:31,222:DEBUG:acme.client:Sending POST request to https://acme-v02.api.letsencrypt.org/acme/cert/067406b0b2c5cf7c56b2d9af1e11e0c505c4:
{
  "protected": "eyJhbGciOiAiUlMyNTYiLCAia2lkIjogImh0dHBzOi8vYWNtZS12MDIuYXBpLmxldHNlbmNyeXB0Lm9yZy9hY21lL2FjY3QvMzI4MDc1NDM5MSIsICJub25jZSI6ICJ2QWZGX0dkdGlqb0pBNjE0VVB5ZkdRWFk5d0pjNU5Vblg3eldQbW8yQXRYNmhvSkpwOHciLCAidXJsIjogImh0dHBzOi8vYWNtZS12MDIuYXBpLmxldHNlbmNyeXB0Lm9yZy9hY21lL2NlcnQvMDY3NDA2YjBiMmM1Y2Y3YzU2YjJkOWFmMWUxMWUwYzUwNWM0In0",
  "signature": "h_6DphhG4jRmm0sBXX9mFvGKKahUvj6S6b4wXciU0k5mu9ezvPZQp9DOixen8PrEdz2-bH-FX_w-y-Umo1MCS3IpLtsB9MT7JCrigLSKOfCwUia-rTd-SZjvBqJ93-QaPTFFW9gVorxOEaUByL2kXVTLWRU7iMVQwBrcKqBiLsa2vMaou5dmUKDsDebmR65JDAzIcNr2qsixabpuVLUZ0VyHMf9VvtZeE0LG4-wtvDe2VNn5UM9brO051wn5t2G_YPZfT0-v0UY1n1MujFk6OEvRtAch-xPUbIcmvrFpvJEgHY-gtFxiygyek2rwkTqdrmZASXkgYkh1ivG692k-Ow",
  "payload": ""
}
2026-04-27 16:26:31,342:DEBUG:urllib3.connectionpool:https://acme-v02.api.letsencrypt.org:443 "POST /acme/cert/067406b0b2c5cf7c56b2d9af1e11e0c505c4 HTTP/1.1" 200 2909
2026-04-27 16:26:31,343:DEBUG:acme.client:Received response:
HTTP 200
Server: nginx
Date: Mon, 27 Apr 2026 16:26:31 GMT
Content-Type: application/pem-certificate-chain
Content-Length: 2909
Connection: keep-alive
Cache-Control: public, max-age=0, no-cache
Link: <https://acme-v02.api.letsencrypt.org/directory>;rel="index", <https://acme-v02.api.letsencrypt.org/acme/cert/067406b0b2c5cf7c56b2d9af1e11e0c505c4/1>;rel="alternate"
Replay-Nonce: vAfF_GdtygsgQy4d4Z9vBGL6x2MA-4hgF0EaZFmsfLdZHU9vH8w
X-Frame-Options: DENY
Strict-Transport-Security: max-age=604800

-----BEGIN CERTIFICATE-----
MIIDsjCCAzigAwIBAgISBnQGsLLFz3xWstmvHhHgxQXEMAoGCCqGSM49BAMDMDIx
CzAJBgNVBAYTAlVTMRYwFAYDVQQKEw1MZXQncyBFbmNyeXB0MQswCQYDVQQDEwJF
ODAeFw0yNjA0MjcxNTI3NTlaFw0yNjA3MjYxNTI3NThaMCAxHjAcBgNVBAMTFWFk
bWluLmdyb2FkbWluYXBwLmNvbTB2MBAGByqGSM49AgEGBSuBBAAiA2IABJDKgava
09sQpwtjZR3wyn6qmsRfnjKSUUfec0jrxzG/TLKSATFXsVChx3nLeh87zL70l1Gd
nEbt6ZrFaXs5581WPQ2ozV79udXUTR2w3dXdCkjOVt3w6IytMpP4fSLLOaOCAiEw
ggIdMA4GA1UdDwEB/wQEAwIHgDATBgNVHSUEDDAKBggrBgEFBQcDATAMBgNVHRMB
Af8EAjAAMB0GA1UdDgQWBBSzo9lv9xkNd16q/hEoLCqRkU88DjAfBgNVHSMEGDAW
gBSPDROi9i5+0VBsMxg4XVmOI3KRyjAyBggrBgEFBQcBAQQmMCQwIgYIKwYBBQUH
MAKGFmh0dHA6Ly9lOC5pLmxlbmNyLm9yZy8wIAYDVR0RBBkwF4IVYWRtaW4uZ3Jv
YWRtaW5hcHAuY29tMBMGA1UdIAQMMAowCAYGZ4EMAQIBMC0GA1UdHwQmMCQwIqAg
oB6GHGh0dHA6Ly9lOC5jLmxlbmNyLm9yZy82OS5jcmwwggEMBgorBgEEAdZ5AgQC
BIH9BIH6APgAdgDIo8R/x7OtuTVrAT9qehJt4zpOQ6XGRvmXrTl1mR3PmgAAAZ3P
w4JbAAAEAwBHMEUCIEUFLhVWpeUP5gIkLfiSpQqd9vPstJ/1Fl+Hzpj6i9D9AiEA
mmtG8T1jg2RWNTfiLP5CGvonhbUZo36b4/r/jGgDjHcAfgBGr4Y9Oz7ln6V33qgk
XTaw2e0ioiP0YXdBIpRS7pVQXwAAAZ3Pw4KqAAgAAAUABQXGlQQDAEcwRQIgAOzY
rhIzxgJzeCbLtnqKzjQZgaktnwE34j4ed9EcdbICIQCbLI+qP+r/Eg38uykMZqGU
9nofQZI4NN8EB589+1JvRDAKBggqhkjOPQQDAwNoADBlAjEAsnU/bUZXWVz23krN
txgEODjgxPYKdGXZFp5HxD7LbY5tGUpEl2YesGDQW7lRtDiPAjAc6FJU2GxhuPGi
/Ov1b4yUuKW0jtEy4ogJ1lfKY6cHGyA+rAkFivzdg0xSavYJyg4=
-----END CERTIFICATE-----

-----BEGIN CERTIFICATE-----
MIIEVjCCAj6gAwIBAgIQY5WTY8JOcIJxWRi/w9ftVjANBgkqhkiG9w0BAQsFADBP
MQswCQYDVQQGEwJVUzEpMCcGA1UEChMgSW50ZXJuZXQgU2VjdXJpdHkgUmVzZWFy
Y2ggR3JvdXAxFTATBgNVBAMTDElTUkcgUm9vdCBYMTAeFw0yNDAzMTMwMDAwMDBa
Fw0yNzAzMTIyMzU5NTlaMDIxCzAJBgNVBAYTAlVTMRYwFAYDVQQKEw1MZXQncyBF
bmNyeXB0MQswCQYDVQQDEwJFODB2MBAGByqGSM49AgEGBSuBBAAiA2IABNFl8l7c
S7QMApzSsvru6WyrOq44ofTUOTIzxULUzDMMNMchIJBwXOhiLxxxs0LXeb5GDcHb
R6EToMffgSZjO9SNHfY9gjMy9vQr5/WWOrQTZxh7az6NSNnq3u2ubT6HTKOB+DCB
9TAOBgNVHQ8BAf8EBAMCAYYwHQYDVR0lBBYwFAYIKwYBBQUHAwIGCCsGAQUFBwMB
MBIGA1UdEwEB/wQIMAYBAf8CAQAwHQYDVR0OBBYEFI8NE6L2Ln7RUGwzGDhdWY4j
cpHKMB8GA1UdIwQYMBaAFHm0WeZ7tuXkAXOACIjIGlj26ZtuMDIGCCsGAQUFBwEB
BCYwJDAiBggrBgEFBQcwAoYWaHR0cDovL3gxLmkubGVuY3Iub3JnLzATBgNVHSAE
DDAKMAgGBmeBDAECATAnBgNVHR8EIDAeMBygGqAYhhZodHRwOi8veDEuYy5sZW5j
ci5vcmcvMA0GCSqGSIb3DQEBCwUAA4ICAQBnE0hGINKsCYWi0Xx1ygxD5qihEjZ0
RI3tTZz1wuATH3ZwYPIp97kWEayanD1j0cDhIYzy4CkDo2jB8D5t0a6zZWzlr98d
AQFNh8uKJkIHdLShy+nUyeZxc5bNeMp1Lu0gSzE4McqfmNMvIpeiwWSYO9w82Ob8
otvXcO2JUYi3svHIWRm3+707DUbL51XMcY2iZdlCq4Wa9nbuk3WTU4gr6LY8MzVA
aDQG2+4U3eJ6qUF10bBnR1uuVyDYs9RhrwucRVnfuDj29CMLTsplM5f5wSV5hUpm
Uwp/vV7M4w4aGunt74koX71n4EdagCsL/Yk5+mAQU0+tue0JOfAV/R6t1k+Xk9s2
HMQFeoxppfzAVC04FdG9M+AC2JWxmFSt6BCuh3CEey3fE52Qrj9YM75rtvIjsm/1
Hl+u//Wqxnu1ZQ4jpa+VpuZiGOlWrqSP9eogdOhCGisnyewWJwRQOqK16wiGyZeR
xs/Bekw65vwSIaVkBruPiTfMOo0Zh4gVa8/qJgMbJbyrwwG97z/PRgmLKCDl8z3d
tA0Z7qq7fta0Gl24uyuB05dqI5J1LvAzKuWdIjT1tP8qCoxSE/xpix8hX2dt3h+/
jujUgFPFZ0EVZ0xSyBNRF3MboGZnYXFUxpNjTWPKpagDHJQmqrAcDmWJnMsFY3jS
u1igv3OefnWjSQ==
-----END CERTIFICATE-----

2026-04-27 16:26:31,343:DEBUG:acme.client:Storing nonce: vAfF_GdtygsgQy4d4Z9vBGL6x2MA-4hgF0EaZFmsfLdZHU9vH8w
2026-04-27 16:26:31,343:DEBUG:acme.client:JWS payload:
b''
2026-04-27 16:26:31,344:DEBUG:acme.client:Sending POST request to https://acme-v02.api.letsencrypt.org/acme/cert/067406b0b2c5cf7c56b2d9af1e11e0c505c4/1:
{
  "protected": "eyJhbGciOiAiUlMyNTYiLCAia2lkIjogImh0dHBzOi8vYWNtZS12MDIuYXBpLmxldHNlbmNyeXB0Lm9yZy9hY21lL2FjY3QvMzI4MDc1NDM5MSIsICJub25jZSI6ICJ2QWZGX0dkdHlnc2dReTRkNFo5dkJHTDZ4Mk1BLTRoZ0YwRWFaRm1zZkxkWkhVOXZIOHciLCAidXJsIjogImh0dHBzOi8vYWNtZS12MDIuYXBpLmxldHNlbmNyeXB0Lm9yZy9hY21lL2NlcnQvMDY3NDA2YjBiMmM1Y2Y3YzU2YjJkOWFmMWUxMWUwYzUwNWM0LzEifQ",
  "signature": "RaJlF5Nxnsut-pmYR6IwIKmmDpPkQ9GrdBtXtb3irxQHT_HP7tmGH-xjuVd_nC4qKnbgAPgikta_hSCn3rMbCnPoSeY0AXM82ieGHImWEKe9fLraCVE56hZkUjcZLHVwqquPsWcTXGKVwZqC-alj4MaUnd0Tg9O7N0artUI3oAN168T1lRUMOHxxhcbj2zVQNlgbSX_6urNRPzeFoVMZ_C5I9_eQwkMZkspXV6u5sO34QZeSsYQ1JouJ6Amw-xj1zJAcDJ4m55hQDMWoGy8VRV4Yd47_jozXmsxTKuAGZhRqzvjlG4B9ahDm4eB2z1a9EEL4qftAJBqmEEdHMTI9hg",
  "payload": ""
}
2026-04-27 16:26:31,465:DEBUG:urllib3.connectionpool:https://acme-v02.api.letsencrypt.org:443 "POST /acme/cert/067406b0b2c5cf7c56b2d9af1e11e0c505c4/1 HTTP/1.1" 200 2344
2026-04-27 16:26:31,465:DEBUG:acme.client:Received response:
HTTP 200
Server: nginx
Date: Mon, 27 Apr 2026 16:26:31 GMT
Content-Type: application/pem-certificate-chain
Content-Length: 2344
Connection: keep-alive
Cache-Control: public, max-age=0, no-cache
Link: <https://acme-v02.api.letsencrypt.org/directory>;rel="index", <https://acme-v02.api.letsencrypt.org/acme/cert/067406b0b2c5cf7c56b2d9af1e11e0c505c4/0>;rel="alternate"
Replay-Nonce: MzOrV0twBb5Bzu6zsePnXF1CL9dx-q0xyaLXnOtvEFoRP3k_tOU
X-Frame-Options: DENY
Strict-Transport-Security: max-age=604800

-----BEGIN CERTIFICATE-----
MIIDsjCCAzigAwIBAgISBnQGsLLFz3xWstmvHhHgxQXEMAoGCCqGSM49BAMDMDIx
CzAJBgNVBAYTAlVTMRYwFAYDVQQKEw1MZXQncyBFbmNyeXB0MQswCQYDVQQDEwJF
ODAeFw0yNjA0MjcxNTI3NTlaFw0yNjA3MjYxNTI3NThaMCAxHjAcBgNVBAMTFWFk
bWluLmdyb2FkbWluYXBwLmNvbTB2MBAGByqGSM49AgEGBSuBBAAiA2IABJDKgava
09sQpwtjZR3wyn6qmsRfnjKSUUfec0jrxzG/TLKSATFXsVChx3nLeh87zL70l1Gd
nEbt6ZrFaXs5581WPQ2ozV79udXUTR2w3dXdCkjOVt3w6IytMpP4fSLLOaOCAiEw
ggIdMA4GA1UdDwEB/wQEAwIHgDATBgNVHSUEDDAKBggrBgEFBQcDATAMBgNVHRMB
Af8EAjAAMB0GA1UdDgQWBBSzo9lv9xkNd16q/hEoLCqRkU88DjAfBgNVHSMEGDAW
gBSPDROi9i5+0VBsMxg4XVmOI3KRyjAyBggrBgEFBQcBAQQmMCQwIgYIKwYBBQUH
MAKGFmh0dHA6Ly9lOC5pLmxlbmNyLm9yZy8wIAYDVR0RBBkwF4IVYWRtaW4uZ3Jv
YWRtaW5hcHAuY29tMBMGA1UdIAQMMAowCAYGZ4EMAQIBMC0GA1UdHwQmMCQwIqAg
oB6GHGh0dHA6Ly9lOC5jLmxlbmNyLm9yZy82OS5jcmwwggEMBgorBgEEAdZ5AgQC
BIH9BIH6APgAdgDIo8R/x7OtuTVrAT9qehJt4zpOQ6XGRvmXrTl1mR3PmgAAAZ3P
w4JbAAAEAwBHMEUCIEUFLhVWpeUP5gIkLfiSpQqd9vPstJ/1Fl+Hzpj6i9D9AiEA
mmtG8T1jg2RWNTfiLP5CGvonhbUZo36b4/r/jGgDjHcAfgBGr4Y9Oz7ln6V33qgk
XTaw2e0ioiP0YXdBIpRS7pVQXwAAAZ3Pw4KqAAgAAAUABQXGlQQDAEcwRQIgAOzY
rhIzxgJzeCbLtnqKzjQZgaktnwE34j4ed9EcdbICIQCbLI+qP+r/Eg38uykMZqGU
9nofQZI4NN8EB589+1JvRDAKBggqhkjOPQQDAwNoADBlAjEAsnU/bUZXWVz23krN
txgEODjgxPYKdGXZFp5HxD7LbY5tGUpEl2YesGDQW7lRtDiPAjAc6FJU2GxhuPGi
/Ov1b4yUuKW0jtEy4ogJ1lfKY6cHGyA+rAkFivzdg0xSavYJyg4=
-----END CERTIFICATE-----

-----BEGIN CERTIFICATE-----
MIICtTCCAjugAwIBAgIQfo8UX4exWTMtf9QIK4JraTAKBggqhkjOPQQDAzBPMQsw
CQYDVQQGEwJVUzEpMCcGA1UEChMgSW50ZXJuZXQgU2VjdXJpdHkgUmVzZWFyY2gg
R3JvdXAxFTATBgNVBAMTDElTUkcgUm9vdCBYMjAeFw0yNDAzMTMwMDAwMDBaFw0y
NzAzMTIyMzU5NTlaMDIxCzAJBgNVBAYTAlVTMRYwFAYDVQQKEw1MZXQncyBFbmNy
eXB0MQswCQYDVQQDEwJFODB2MBAGByqGSM49AgEGBSuBBAAiA2IABNFl8l7cS7QM
ApzSsvru6WyrOq44ofTUOTIzxULUzDMMNMchIJBwXOhiLxxxs0LXeb5GDcHbR6ET
oMffgSZjO9SNHfY9gjMy9vQr5/WWOrQTZxh7az6NSNnq3u2ubT6HTKOB+DCB9TAO
BgNVHQ8BAf8EBAMCAYYwHQYDVR0lBBYwFAYIKwYBBQUHAwIGCCsGAQUFBwMBMBIG
A1UdEwEB/wQIMAYBAf8CAQAwHQYDVR0OBBYEFI8NE6L2Ln7RUGwzGDhdWY4jcpHK
MB8GA1UdIwQYMBaAFHxClq7eS0g7+pL4nozPbYupcjeVMDIGCCsGAQUFBwEBBCYw
JDAiBggrBgEFBQcwAoYWaHR0cDovL3gyLmkubGVuY3Iub3JnLzATBgNVHSAEDDAK
MAgGBmeBDAECATAnBgNVHR8EIDAeMBygGqAYhhZodHRwOi8veDIuYy5sZW5jci5v
cmcvMAoGCCqGSM49BAMDA2gAMGUCMQClsUNJdX36GE+o2yDf7L02m3P3ElVWRLls
5ZyLYPjcNamBxRB9gZYoj24mGZtP3GkCMASZcALg6kpScomqIIjVHXRUQ500cdl4
4n7fhxwokLo/lVlO8YyHwAi7ejTHtvw9Vg==
-----END CERTIFICATE-----

2026-04-27 16:26:31,465:DEBUG:acme.client:Storing nonce: MzOrV0twBb5Bzu6zsePnXF1CL9dx-q0xyaLXnOtvEFoRP3k_tOU
2026-04-27 16:26:31,466:INFO:certbot._internal.client:Non-standard path(s), might not work with crontab installed by your operating system package manager
2026-04-27 16:26:31,466:DEBUG:certbot._internal.storage:Creating directory /etc/letsencrypt/archive/npm-2.
2026-04-27 16:26:31,466:DEBUG:certbot._internal.storage:Creating directory /etc/letsencrypt/live/npm-2.
2026-04-27 16:26:31,466:DEBUG:certbot._internal.storage:Writing certificate to /etc/letsencrypt/live/npm-2/cert.pem.
2026-04-27 16:26:31,467:DEBUG:certbot._internal.storage:Writing private key to /etc/letsencrypt/live/npm-2/privkey.pem.
2026-04-27 16:26:31,467:DEBUG:certbot._internal.storage:Writing chain to /etc/letsencrypt/live/npm-2/chain.pem.
2026-04-27 16:26:31,467:DEBUG:certbot._internal.storage:Writing full chain to /etc/letsencrypt/live/npm-2/fullchain.pem.
2026-04-27 16:26:31,467:DEBUG:certbot._internal.storage:Writing README to /etc/letsencrypt/live/npm-2/README.
2026-04-27 16:26:31,474:DEBUG:certbot.configuration:Var account=1dc6836de739eca8f4caae7d688c4cf7 (set by user).
2026-04-27 16:26:31,474:DEBUG:certbot.configuration:Var key_type=ecdsa (set by user).
2026-04-27 16:26:31,474:DEBUG:certbot.configuration:Var elliptic_curve=secp384r1 (set by user).
2026-04-27 16:26:31,474:DEBUG:certbot.configuration:Var preferred_chain=ISRG Root X1 (set by user).
2026-04-27 16:26:31,474:DEBUG:certbot.configuration:Var pref_challs=['http-01'] (set by user).
2026-04-27 16:26:31,474:DEBUG:certbot.configuration:Var config_dir=/etc/letsencrypt (set by user).
2026-04-27 16:26:31,474:DEBUG:certbot.configuration:Var work_dir=/tmp/letsencrypt-lib (set by user).
2026-04-27 16:26:31,474:DEBUG:certbot.configuration:Var logs_dir=/data/logs (set by user).
2026-04-27 16:26:31,474:DEBUG:certbot._internal.plugins.selection:Requested authenticator webroot and installer None
2026-04-27 16:26:31,474:DEBUG:certbot._internal.plugins.selection:Requested authenticator webroot and installer None
2026-04-27 16:26:31,474:DEBUG:certbot.configuration:Var webroot_path=['/data/letsencrypt-acme-challenge'] (set by user).
2026-04-27 16:26:31,474:DEBUG:certbot.configuration:Var webroot_map={'admin.groadminapp.com': '/data/letsencrypt-acme-challenge'} (set by user).
2026-04-27 16:26:31,476:DEBUG:certbot._internal.display.obj:Notifying user: 
Successfully received certificate.
Certificate is saved at: /etc/letsencrypt/live/npm-2/fullchain.pem
Key is saved at:         /etc/letsencrypt/live/npm-2/privkey.pem
This certificate expires on 2026-07-26.
These files will be updated when the certificate renews.
2026-04-27 16:26:31,476:DEBUG:certbot._internal.display.obj:Notifying user: NEXT STEPS:
2026-04-27 16:26:31,476:DEBUG:certbot._internal.display.obj:Notifying user: - The certificate will need to be renewed before it expires. Certbot can automatically renew the certificate in the background, but you may need to take steps to enable that functionality. See https://certbot.org/renewal-setup for instructions.
2026-04-27 16:26:31,477:DEBUG:certbot._internal.display.obj:Notifying user: If you like Certbot, please consider supporting our work by:
 * Donating to ISRG / Let's Encrypt:   https://letsencrypt.org/donate
 * Donating to EFF:                    https://eff.org/donate-le
